[debug] [2021-04-22T14:23:01.963Z] ----------------------------------------------------------------------
[debug] [2021-04-22T14:23:01.970Z] Command:       C:\Program Files\nodejs\node.exe C:\Users\HiruK\AppData\Roaming\npm\node_modules\firebase-tools\lib\bin\firebase.js init
[debug] [2021-04-22T14:23:01.971Z] CLI Version:   9.6.1
[debug] [2021-04-22T14:23:01.971Z] Platform:      win32
[debug] [2021-04-22T14:23:01.971Z] Node Version:  v14.16.0
[debug] [2021-04-22T14:23:01.972Z] Time:          Thu Apr 22 2021 21:23:01 GMT+0700 (Indochina Time)
[debug] [2021-04-22T14:23:01.972Z] ----------------------------------------------------------------------
[debug] [2021-04-22T14:23:01.973Z] 
[debug] [2021-04-22T14:23:01.976Z] >>> [apiv2][query] GET https://firebase-public.firebaseio.com/cli.json [none]
[debug] [2021-04-22T14:23:02.009Z] > command requires scopes: ["email","openid","https://www.googleapis.com/auth/cloudplatformprojects.readonly","https://www.googleapis.com/auth/firebase","https://www.googleapis.com/auth/cloud-platform"]
[debug] [2021-04-22T14:23:02.010Z] > authorizing via signed-in user
[info] 
     ######## #### ########  ######## ########     ###     ######  ########
     ##        ##  ##     ## ##       ##     ##  ##   ##  ##       ##
     ######    ##  ########  ######   ########  #########  ######  ######
     ##        ##  ##    ##  ##       ##     ## ##     ##       ## ##
     ##       #### ##     ## ######## ########  ##     ##  ######  ########

You're about to initialize a Firebase project in this directory:

  E:\light-bootstrap-dashboard-react-master

Before we get started, keep in mind:

  * You are initializing in an existing Firebase project directory

[debug] [2021-04-22T14:23:02.812Z] <<< [apiv2][status] GET https://firebase-public.firebaseio.com/cli.json 200
[debug] [2021-04-22T14:23:02.812Z] <<< [apiv2][body] GET https://firebase-public.firebaseio.com/cli.json {"cloudBuildErrorAfter":1594252800000,"cloudBuildWarnAfter":1590019200000,"defaultNode10After":1594252800000,"minVersion":"3.0.5","node8DeploysDisabledAfter":1613390400000,"node8RuntimeDisabledAfter":1615809600000,"node8WarnAfter":1600128000000}
